<?xml version="1.0" encoding="UTF-8"?>
<testng-results ignored="0" total="1" passed="1" failed="0" skipped="0">
  <reporter-output>
  </reporter-output>
  <suite started-at="2024-02-10T01:09:25 EET" name="Default suite" finished-at="2024-02-10T01:26:49 EET" duration-ms="1043809">
    <groups>
    </groups>
    <test started-at="2024-02-10T01:09:25 EET" name="Default test" finished-at="2024-02-10T01:26:49 EET" duration-ms="1043809">
      <class name="google_translate_many_texts_files.TranslateTextFiles">
        <test-method signature="main()[pri:0, instance:google_translate_many_texts_files.TranslateTextFiles@595b007d]" started-at="2024-02-10T01:09:25 EET" name="main" finished-at="2024-02-10T01:26:49 EET" duration-ms="1043740" status="PASS">
          <reporter-output>
          </reporter-output>
        </test-method> <!-- main -->
      </class> <!-- google_translate_many_texts_files.TranslateTextFiles -->
    </test> <!-- Default test -->
  </suite> <!-- Default suite -->
</testng-results>
